[0.272s] DEBUG:colcon:Command line arguments: ['/usr/bin/colcon', 'list', '-p', '--base-paths', '/home/martin/FIBOX/Martin_FRAB12_CONTROL/ros2_ws']
[0.272s] DEBUG:colcon:Parsed command line arguments: Namespace(log_base=None, log_level=None, verb_name='list', build_base='build', ignore_user_meta=False, metas=['./colcon.meta'], base_paths=['/home/martin/FIBOX/Martin_FRAB12_CONTROL/ros2_ws'], packages_ignore=None, packages_ignore_regex=None, paths=None, packages_up_to=None, packages_up_to_regex=None, packages_above=None, packages_above_and_dependencies=None, packages_above_depth=None, packages_select_by_dep=None, packages_skip_by_dep=None, packages_skip_up_to=None, packages_select_build_failed=False, packages_skip_build_finished=False, packages_select_test_failures=False, packages_skip_test_passed=False, packages_select=None, packages_skip=None, packages_select_regex=None, packages_skip_regex=None, packages_start=None, packages_end=None, allow_overriding=[], topological_order=False, names_only=False, paths_only=True, topological_graph=False, topological_graph_dot=False, topological_graph_density=False, topological_graph_legend=False, topological_graph_dot_cluster=False, topological_graph_dot_include_skipped=False, verb_parser=<colcon_defaults.argument_parser.defaults.DefaultArgumentsDecorator object at 0x715fcd9176d0>, verb_extension=<colcon_package_information.verb.list.ListVerb object at 0x715fcdac8c10>, main=<bound method ListVerb.main of <colcon_package_information.verb.list.ListVerb object at 0x715fcdac8c10>>)
[0.463s] Level 1:colcon.colcon_core.package_discovery:discover_packages(colcon_meta) check parameters
[0.463s] Level 1:colcon.colcon_core.package_discovery:discover_packages(recursive) check parameters
[0.463s] Level 1:colcon.colcon_core.package_discovery:discover_packages(ignore) check parameters
[0.463s] Level 1:colcon.colcon_core.package_discovery:discover_packages(path) check parameters
[0.463s] Level 1:colcon.colcon_core.package_discovery:discover_packages(recursive) discover
[0.463s] INFO:colcon.colcon_core.package_discovery:Crawling recursively for packages in '/home/martin/FIBOX/Martin_FRAB12_CONTROL/ros2_ws'
[0.464s] Level 1:colcon.colcon_core.package_identification:_identify(/home/martin/FIBOX/Martin_FRAB12_CONTROL/ros2_ws) by extensions ['ignore', 'ignore_ament_install']
[0.464s] Level 1:colcon.colcon_core.package_identification:_identify(/home/martin/FIBOX/Martin_FRAB12_CONTROL/ros2_ws) by extension 'ignore'
[0.464s] Level 1:colcon.colcon_core.package_identification:_identify(/home/martin/FIBOX/Martin_FRAB12_CONTROL/ros2_ws) by extension 'ignore_ament_install'
[0.464s] Level 1:colcon.colcon_core.package_identification:_identify(/home/martin/FIBOX/Martin_FRAB12_CONTROL/ros2_ws) by extensions ['colcon_pkg']
[0.464s] Level 1:colcon.colcon_core.package_identification:_identify(/home/martin/FIBOX/Martin_FRAB12_CONTROL/ros2_ws) by extension 'colcon_pkg'
[0.464s] Level 1:colcon.colcon_core.package_identification:_identify(/home/martin/FIBOX/Martin_FRAB12_CONTROL/ros2_ws) by extensions ['colcon_meta']
[0.464s] Level 1:colcon.colcon_core.package_identification:_identify(/home/martin/FIBOX/Martin_FRAB12_CONTROL/ros2_ws) by extension 'colcon_meta'
[0.464s] Level 1:colcon.colcon_core.package_identification:_identify(/home/martin/FIBOX/Martin_FRAB12_CONTROL/ros2_ws) by extensions ['ros']
[0.464s] Level 1:colcon.colcon_core.package_identification:_identify(/home/martin/FIBOX/Martin_FRAB12_CONTROL/ros2_ws) by extension 'ros'
[0.478s] Level 1:colcon.colcon_core.package_identification:_identify(/home/martin/FIBOX/Martin_FRAB12_CONTROL/ros2_ws) by extensions ['cmake', 'python']
[0.478s] Level 1:colcon.colcon_core.package_identification:_identify(/home/martin/FIBOX/Martin_FRAB12_CONTROL/ros2_ws) by extension 'cmake'
[0.478s] Level 1:colcon.colcon_core.package_identification:_identify(/home/martin/FIBOX/Martin_FRAB12_CONTROL/ros2_ws) by extension 'python'
[0.478s] Level 1:colcon.colcon_core.package_identification:_identify(/home/martin/FIBOX/Martin_FRAB12_CONTROL/ros2_ws) by extensions ['python_setup_py']
[0.478s] Level 1:colcon.colcon_core.package_identification:_identify(/home/martin/FIBOX/Martin_FRAB12_CONTROL/ros2_ws) by extension 'python_setup_py'
[0.479s] Level 1:colcon.colcon_core.package_identification:_identify(/home/martin/FIBOX/Martin_FRAB12_CONTROL/ros2_ws/build) by extensions ['ignore', 'ignore_ament_install']
[0.479s] Level 1:colcon.colcon_core.package_identification:_identify(/home/martin/FIBOX/Martin_FRAB12_CONTROL/ros2_ws/build) by extension 'ignore'
[0.479s] Level 1:colcon.colcon_core.package_identification:_identify(/home/martin/FIBOX/Martin_FRAB12_CONTROL/ros2_ws/build) ignored
[0.479s] Level 1:colcon.colcon_core.package_identification:_identify(/home/martin/FIBOX/Martin_FRAB12_CONTROL/ros2_ws/install) by extensions ['ignore', 'ignore_ament_install']
[0.479s] Level 1:colcon.colcon_core.package_identification:_identify(/home/martin/FIBOX/Martin_FRAB12_CONTROL/ros2_ws/install) by extension 'ignore'
[0.479s] Level 1:colcon.colcon_core.package_identification:_identify(/home/martin/FIBOX/Martin_FRAB12_CONTROL/ros2_ws/install) ignored
[0.479s] Level 1:colcon.colcon_core.package_identification:_identify(/home/martin/FIBOX/Martin_FRAB12_CONTROL/ros2_ws/log) by extensions ['ignore', 'ignore_ament_install']
[0.479s] Level 1:colcon.colcon_core.package_identification:_identify(/home/martin/FIBOX/Martin_FRAB12_CONTROL/ros2_ws/log) by extension 'ignore'
[0.479s] Level 1:colcon.colcon_core.package_identification:_identify(/home/martin/FIBOX/Martin_FRAB12_CONTROL/ros2_ws/log) ignored
[0.480s] Level 1:colcon.colcon_core.package_identification:_identify(/home/martin/FIBOX/Martin_FRAB12_CONTROL/ros2_ws/src) by extensions ['ignore', 'ignore_ament_install']
[0.480s] Level 1:colcon.colcon_core.package_identification:_identify(/home/martin/FIBOX/Martin_FRAB12_CONTROL/ros2_ws/src) by extension 'ignore'
[0.480s] Level 1:colcon.colcon_core.package_identification:_identify(/home/martin/FIBOX/Martin_FRAB12_CONTROL/ros2_ws/src) by extension 'ignore_ament_install'
[0.480s] Level 1:colcon.colcon_core.package_identification:_identify(/home/martin/FIBOX/Martin_FRAB12_CONTROL/ros2_ws/src) by extensions ['colcon_pkg']
[0.480s] Level 1:colcon.colcon_core.package_identification:_identify(/home/martin/FIBOX/Martin_FRAB12_CONTROL/ros2_ws/src) by extension 'colcon_pkg'
[0.480s] Level 1:colcon.colcon_core.package_identification:_identify(/home/martin/FIBOX/Martin_FRAB12_CONTROL/ros2_ws/src) by extensions ['colcon_meta']
[0.480s] Level 1:colcon.colcon_core.package_identification:_identify(/home/martin/FIBOX/Martin_FRAB12_CONTROL/ros2_ws/src) by extension 'colcon_meta'
[0.480s] Level 1:colcon.colcon_core.package_identification:_identify(/home/martin/FIBOX/Martin_FRAB12_CONTROL/ros2_ws/src) by extensions ['ros']
[0.480s] Level 1:colcon.colcon_core.package_identification:_identify(/home/martin/FIBOX/Martin_FRAB12_CONTROL/ros2_ws/src) by extension 'ros'
[0.480s] Level 1:colcon.colcon_core.package_identification:_identify(/home/martin/FIBOX/Martin_FRAB12_CONTROL/ros2_ws/src) by extensions ['cmake', 'python']
[0.480s] Level 1:colcon.colcon_core.package_identification:_identify(/home/martin/FIBOX/Martin_FRAB12_CONTROL/ros2_ws/src) by extension 'cmake'
[0.480s] Level 1:colcon.colcon_core.package_identification:_identify(/home/martin/FIBOX/Martin_FRAB12_CONTROL/ros2_ws/src) by extension 'python'
[0.480s] Level 1:colcon.colcon_core.package_identification:_identify(/home/martin/FIBOX/Martin_FRAB12_CONTROL/ros2_ws/src) by extensions ['python_setup_py']
[0.480s] Level 1:colcon.colcon_core.package_identification:_identify(/home/martin/FIBOX/Martin_FRAB12_CONTROL/ros2_ws/src) by extension 'python_setup_py'
[0.480s] Level 1:colcon.colcon_core.package_identification:_identify(/home/martin/FIBOX/Martin_FRAB12_CONTROL/ros2_ws/src/marble_robot_control) by extensions ['ignore', 'ignore_ament_install']
[0.481s] Level 1:colcon.colcon_core.package_identification:_identify(/home/martin/FIBOX/Martin_FRAB12_CONTROL/ros2_ws/src/marble_robot_control) by extension 'ignore'
[0.481s] Level 1:colcon.colcon_core.package_identification:_identify(/home/martin/FIBOX/Martin_FRAB12_CONTROL/ros2_ws/src/marble_robot_control) by extension 'ignore_ament_install'
[0.481s] Level 1:colcon.colcon_core.package_identification:_identify(/home/martin/FIBOX/Martin_FRAB12_CONTROL/ros2_ws/src/marble_robot_control) by extensions ['colcon_pkg']
[0.481s] Level 1:colcon.colcon_core.package_identification:_identify(/home/martin/FIBOX/Martin_FRAB12_CONTROL/ros2_ws/src/marble_robot_control) by extension 'colcon_pkg'
[0.481s] Level 1:colcon.colcon_core.package_identification:_identify(/home/martin/FIBOX/Martin_FRAB12_CONTROL/ros2_ws/src/marble_robot_control) by extensions ['colcon_meta']
[0.481s] Level 1:colcon.colcon_core.package_identification:_identify(/home/martin/FIBOX/Martin_FRAB12_CONTROL/ros2_ws/src/marble_robot_control) by extension 'colcon_meta'
[0.481s] Level 1:colcon.colcon_core.package_identification:_identify(/home/martin/FIBOX/Martin_FRAB12_CONTROL/ros2_ws/src/marble_robot_control) by extensions ['ros']
[0.481s] Level 1:colcon.colcon_core.package_identification:_identify(/home/martin/FIBOX/Martin_FRAB12_CONTROL/ros2_ws/src/marble_robot_control) by extension 'ros'
[0.483s] DEBUG:colcon.colcon_core.package_identification:Package '/home/martin/FIBOX/Martin_FRAB12_CONTROL/ros2_ws/src/marble_robot_control' with type 'ros.ament_cmake' and name 'marble_robot_control'
[0.483s] Level 1:colcon.colcon_core.package_discovery:discover_packages(recursive) using defaults
