[0.337s] DEBUG:colcon:Command line arguments: ['/usr/bin/colcon', 'build']
[0.337s] DEBUG:colcon:Parsed command line arguments: Namespace(log_base=None, log_level=None, verb_name='build', build_base='build', install_base='install', merge_install=False, symlink_install=False, test_result_base=None, continue_on_error=False, executor='parallel', parallel_workers=16, event_handlers=None, ignore_user_meta=False, metas=['./colcon.meta'], base_paths=['.'], packages_ignore=None, packages_ignore_regex=None, paths=None, packages_up_to=None, packages_up_to_regex=None, packages_above=None, packages_above_and_dependencies=None, packages_above_depth=None, packages_select_by_dep=None, packages_skip_by_dep=None, packages_skip_up_to=None, packages_select_build_failed=False, packages_skip_build_finished=False, packages_select_test_failures=False, packages_skip_test_passed=False, packages_select=None, packages_skip=None, packages_select_regex=None, packages_skip_regex=None, packages_start=None, packages_end=None, allow_overriding=[], cmake_args=None, cmake_target=None, cmake_target_skip_unavailable=False, cmake_clean_cache=False, cmake_clean_first=False, cmake_force_configure=False, ament_cmake_args=None, catkin_cmake_args=None, catkin_skip_building_tests=False, verb_parser=<colcon_defaults.argument_parser.defaults.DefaultArgumentsDecorator object at 0x7a75da502c80>, verb_extension=<colcon_core.verb.build.BuildVerb object at 0x7a75da677250>, main=<bound method BuildVerb.main of <colcon_core.verb.build.BuildVerb object at 0x7a75da677250>>)
[0.571s] Level 1:colcon.colcon_core.package_discovery:discover_packages(colcon_meta) check parameters
[0.571s] Level 1:colcon.colcon_core.package_discovery:discover_packages(recursive) check parameters
[0.572s] Level 1:colcon.colcon_core.package_discovery:discover_packages(ignore) check parameters
[0.572s] Level 1:colcon.colcon_core.package_discovery:discover_packages(path) check parameters
[0.572s] Level 1:colcon.colcon_core.package_discovery:discover_packages(colcon_meta) discover
[0.572s] Level 1:colcon.colcon_core.package_discovery:discover_packages(recursive) discover
[0.572s] INFO:colcon.colcon_core.package_discovery:Crawling recursively for packages in '/home/martin/FIBOX/Martin_FRAB12_CONTROL/ros2_ws'
[0.572s] Level 1:colcon.colcon_core.package_identification:_identify(.) by extensions ['ignore', 'ignore_ament_install']
[0.572s] Level 1:colcon.colcon_core.package_identification:_identify(.) by extension 'ignore'
[0.573s] Level 1:colcon.colcon_core.package_identification:_identify(.) by extension 'ignore_ament_install'
[0.573s] Level 1:colcon.colcon_core.package_identification:_identify(.) by extensions ['colcon_pkg']
[0.573s] Level 1:colcon.colcon_core.package_identification:_identify(.) by extension 'colcon_pkg'
[0.573s] Level 1:colcon.colcon_core.package_identification:_identify(.) by extensions ['colcon_meta']
[0.573s] Level 1:colcon.colcon_core.package_identification:_identify(.) by extension 'colcon_meta'
[0.573s] Level 1:colcon.colcon_core.package_identification:_identify(.) by extensions ['ros']
[0.573s] Level 1:colcon.colcon_core.package_identification:_identify(.) by extension 'ros'
[0.590s] Level 1:colcon.colcon_core.package_identification:_identify(.) by extensions ['cmake', 'python']
[0.590s] Level 1:colcon.colcon_core.package_identification:_identify(.) by extension 'cmake'
[0.591s] Level 1:colcon.colcon_core.package_identification:_identify(.) by extension 'python'
[0.591s] Level 1:colcon.colcon_core.package_identification:_identify(.) by extensions ['python_setup_py']
[0.591s] Level 1:colcon.colcon_core.package_identification:_identify(.) by extension 'python_setup_py'
[0.591s] Level 1:colcon.colcon_core.package_identification:_identify(build) by extensions ['ignore', 'ignore_ament_install']
[0.591s] Level 1:colcon.colcon_core.package_identification:_identify(build) by extension 'ignore'
[0.591s] Level 1:colcon.colcon_core.package_identification:_identify(build) ignored
[0.591s] Level 1:colcon.colcon_core.package_identification:_identify(install) by extensions ['ignore', 'ignore_ament_install']
[0.591s] Level 1:colcon.colcon_core.package_identification:_identify(install) by extension 'ignore'
[0.591s] Level 1:colcon.colcon_core.package_identification:_identify(install) ignored
[0.592s] Level 1:colcon.colcon_core.package_identification:_identify(log) by extensions ['ignore', 'ignore_ament_install']
[0.592s] Level 1:colcon.colcon_core.package_identification:_identify(log) by extension 'ignore'
[0.592s] Level 1:colcon.colcon_core.package_identification:_identify(log) ignored
[0.592s] Level 1:colcon.colcon_core.package_identification:_identify(src) by extensions ['ignore', 'ignore_ament_install']
[0.592s] Level 1:colcon.colcon_core.package_identification:_identify(src) by extension 'ignore'
[0.592s] Level 1:colcon.colcon_core.package_identification:_identify(src) by extension 'ignore_ament_install'
[0.592s] Level 1:colcon.colcon_core.package_identification:_identify(src) by extensions ['colcon_pkg']
[0.592s] Level 1:colcon.colcon_core.package_identification:_identify(src) by extension 'colcon_pkg'
[0.592s] Level 1:colcon.colcon_core.package_identification:_identify(src) by extensions ['colcon_meta']
[0.592s] Level 1:colcon.colcon_core.package_identification:_identify(src) by extension 'colcon_meta'
[0.592s] Level 1:colcon.colcon_core.package_identification:_identify(src) by extensions ['ros']
[0.592s] Level 1:colcon.colcon_core.package_identification:_identify(src) by extension 'ros'
[0.592s] Level 1:colcon.colcon_core.package_identification:_identify(src) by extensions ['cmake', 'python']
[0.592s] Level 1:colcon.colcon_core.package_identification:_identify(src) by extension 'cmake'
[0.592s] Level 1:colcon.colcon_core.package_identification:_identify(src) by extension 'python'
[0.593s] Level 1:colcon.colcon_core.package_identification:_identify(src) by extensions ['python_setup_py']
[0.593s] Level 1:colcon.colcon_core.package_identification:_identify(src) by extension 'python_setup_py'
[0.593s] Level 1:colcon.colcon_core.package_identification:_identify(src/marble_robot_control) by extensions ['ignore', 'ignore_ament_install']
[0.593s] Level 1:colcon.colcon_core.package_identification:_identify(src/marble_robot_control) by extension 'ignore'
[0.593s] Level 1:colcon.colcon_core.package_identification:_identify(src/marble_robot_control) by extension 'ignore_ament_install'
[0.593s] Level 1:colcon.colcon_core.package_identification:_identify(src/marble_robot_control) by extensions ['colcon_pkg']
[0.593s] Level 1:colcon.colcon_core.package_identification:_identify(src/marble_robot_control) by extension 'colcon_pkg'
[0.593s] Level 1:colcon.colcon_core.package_identification:_identify(src/marble_robot_control) by extensions ['colcon_meta']
[0.593s] Level 1:colcon.colcon_core.package_identification:_identify(src/marble_robot_control) by extension 'colcon_meta'
[0.593s] Level 1:colcon.colcon_core.package_identification:_identify(src/marble_robot_control) by extensions ['ros']
[0.593s] Level 1:colcon.colcon_core.package_identification:_identify(src/marble_robot_control) by extension 'ros'
[0.597s] DEBUG:colcon.colcon_core.package_identification:Package 'src/marble_robot_control' with type 'ros.ament_cmake' and name 'marble_robot_control'
[0.597s] Level 1:colcon.colcon_core.package_discovery:discover_packages(recursive) using defaults
[0.597s] Level 1:colcon.colcon_core.package_discovery:discover_packages(ignore) discover
[0.597s] Level 1:colcon.colcon_core.package_discovery:discover_packages(ignore) using defaults
[0.597s] Level 1:colcon.colcon_core.package_discovery:discover_packages(path) discover
[0.597s] Level 1:colcon.colcon_core.package_discovery:discover_packages(path) using defaults
[0.628s] Level 1:colcon.colcon_core.package_discovery:discover_packages(prefix_path) check parameters
[0.629s] Level 1:colcon.colcon_core.package_discovery:discover_packages(prefix_path) discover
[0.638s] DEBUG:colcon.colcon_installed_package_information.package_discovery:Found 271 installed packages in /opt/ros/humble
[0.640s] Level 1:colcon.colcon_core.package_discovery:discover_packages(prefix_path) using defaults
[0.709s] Level 5:colcon.colcon_core.verb:set package 'marble_robot_control' build argument 'cmake_args' from command line to 'None'
[0.709s] Level 5:colcon.colcon_core.verb:set package 'marble_robot_control' build argument 'cmake_target' from command line to 'None'
[0.709s] Level 5:colcon.colcon_core.verb:set package 'marble_robot_control' build argument 'cmake_target_skip_unavailable' from command line to 'False'
[0.710s] Level 5:colcon.colcon_core.verb:set package 'marble_robot_control' build argument 'cmake_clean_cache' from command line to 'False'
[0.710s] Level 5:colcon.colcon_core.verb:set package 'marble_robot_control' build argument 'cmake_clean_first' from command line to 'False'
[0.710s] Level 5:colcon.colcon_core.verb:set package 'marble_robot_control' build argument 'cmake_force_configure' from command line to 'False'
[0.710s] Level 5:colcon.colcon_core.verb:set package 'marble_robot_control' build argument 'ament_cmake_args' from command line to 'None'
[0.710s] Level 5:colcon.colcon_core.verb:set package 'marble_robot_control' build argument 'catkin_cmake_args' from command line to 'None'
[0.710s] Level 5:colcon.colcon_core.verb:set package 'marble_robot_control' build argument 'catkin_skip_building_tests' from command line to 'False'
[0.710s] DEBUG:colcon.colcon_core.verb:Building package 'marble_robot_control' with the following arguments: {'ament_cmake_args': None, 'build_base': '/home/martin/FIBOX/Martin_FRAB12_CONTROL/ros2_ws/build/marble_robot_control', 'catkin_cmake_args': None, 'catkin_skip_building_tests': False, 'cmake_args': None, 'cmake_clean_cache': False, 'cmake_clean_first': False, 'cmake_force_configure': False, 'cmake_target': None, 'cmake_target_skip_unavailable': False, 'install_base': '/home/martin/FIBOX/Martin_FRAB12_CONTROL/ros2_ws/install/marble_robot_control', 'merge_install': False, 'path': '/home/martin/FIBOX/Martin_FRAB12_CONTROL/ros2_ws/src/marble_robot_control', 'symlink_install': False, 'test_result_base': None}
[0.710s] INFO:colcon.colcon_core.executor:Executing jobs using 'parallel' executor
[0.713s] DEBUG:colcon.colcon_parallel_executor.executor.parallel:run_until_complete
[0.713s] INFO:colcon.colcon_ros.task.ament_cmake.build:Building ROS package in '/home/martin/FIBOX/Martin_FRAB12_CONTROL/ros2_ws/src/marble_robot_control' with build type 'ament_cmake'
[0.713s] INFO:colcon.colcon_cmake.task.cmake.build:Building CMake package in '/home/martin/FIBOX/Martin_FRAB12_CONTROL/ros2_ws/src/marble_robot_control'
[0.721s] INFO:colcon.colcon_core.plugin_system:Skipping extension 'colcon_core.shell.bat': Not used on non-Windows systems
[0.721s] INFO:colcon.colcon_core.shell:Skip shell extension 'powershell' for command environment: Not usable outside of PowerShell
[0.721s] DEBUG:colcon.colcon_core.shell:Skip shell extension 'dsv' for command environment
[0.737s] DEBUG:colcon.colcon_core.event_handler.log_command:Invoking command in '/home/martin/FIBOX/Martin_FRAB12_CONTROL/ros2_ws/build/marble_robot_control': CMAKE_PREFIX_PATH=/opt/ros/humble /usr/bin/cmake /home/martin/FIBOX/Martin_FRAB12_CONTROL/ros2_ws/src/marble_robot_control -DCMAKE_INSTALL_PREFIX=/home/martin/FIBOX/Martin_FRAB12_CONTROL/ros2_ws/install/marble_robot_control
[13.479s] DEBUG:colcon.colcon_core.event_handler.log_command:Invoked command in '/home/martin/FIBOX/Martin_FRAB12_CONTROL/ros2_ws/build/marble_robot_control' returned '0': CMAKE_PREFIX_PATH=/opt/ros/humble /usr/bin/cmake /home/martin/FIBOX/Martin_FRAB12_CONTROL/ros2_ws/src/marble_robot_control -DCMAKE_INSTALL_PREFIX=/home/martin/FIBOX/Martin_FRAB12_CONTROL/ros2_ws/install/marble_robot_control
[13.483s] DEBUG:colcon.colcon_core.event_handler.log_command:Invoking command in '/home/martin/FIBOX/Martin_FRAB12_CONTROL/ros2_ws/build/marble_robot_control': CMAKE_PREFIX_PATH=/opt/ros/humble /usr/bin/cmake --build /home/martin/FIBOX/Martin_FRAB12_CONTROL/ros2_ws/build/marble_robot_control -- -j16 -l16
[13.536s] DEBUG:colcon.colcon_core.event_handler.log_command:Invoked command in '/home/martin/FIBOX/Martin_FRAB12_CONTROL/ros2_ws/build/marble_robot_control' returned '0': CMAKE_PREFIX_PATH=/opt/ros/humble /usr/bin/cmake --build /home/martin/FIBOX/Martin_FRAB12_CONTROL/ros2_ws/build/marble_robot_control -- -j16 -l16
[13.551s] DEBUG:colcon.colcon_core.event_handler.log_command:Invoking command in '/home/martin/FIBOX/Martin_FRAB12_CONTROL/ros2_ws/build/marble_robot_control': CMAKE_PREFIX_PATH=/opt/ros/humble /usr/bin/cmake --install /home/martin/FIBOX/Martin_FRAB12_CONTROL/ros2_ws/build/marble_robot_control
[13.568s] Level 1:colcon.colcon_core.environment:create_environment_scripts_only(marble_robot_control)
[13.569s] DEBUG:colcon.colcon_core.event_handler.log_command:Invoked command in '/home/martin/FIBOX/Martin_FRAB12_CONTROL/ros2_ws/build/marble_robot_control' returned '0': CMAKE_PREFIX_PATH=/opt/ros/humble /usr/bin/cmake --install /home/martin/FIBOX/Martin_FRAB12_CONTROL/ros2_ws/build/marble_robot_control
[13.578s] Level 1:colcon.colcon_core.environment:checking '/home/martin/FIBOX/Martin_FRAB12_CONTROL/ros2_ws/install/marble_robot_control' for CMake module files
[13.579s] Level 1:colcon.colcon_core.environment:checking '/home/martin/FIBOX/Martin_FRAB12_CONTROL/ros2_ws/install/marble_robot_control' for CMake config files
[13.579s] Level 1:colcon.colcon_core.shell:create_environment_hook('marble_robot_control', 'cmake_prefix_path')
[13.580s] INFO:colcon.colcon_core.shell:Creating environment hook '/home/martin/FIBOX/Martin_FRAB12_CONTROL/ros2_ws/install/marble_robot_control/share/marble_robot_control/hook/cmake_prefix_path.ps1'
[13.581s] INFO:colcon.colcon_core.shell:Creating environment descriptor '/home/martin/FIBOX/Martin_FRAB12_CONTROL/ros2_ws/install/marble_robot_control/share/marble_robot_control/hook/cmake_prefix_path.dsv'
[13.582s] INFO:colcon.colcon_core.shell:Creating environment hook '/home/martin/FIBOX/Martin_FRAB12_CONTROL/ros2_ws/install/marble_robot_control/share/marble_robot_control/hook/cmake_prefix_path.sh'
[13.584s] Level 1:colcon.colcon_core.environment:checking '/home/martin/FIBOX/Martin_FRAB12_CONTROL/ros2_ws/install/marble_robot_control/bin'
[13.584s] Level 1:colcon.colcon_core.environment:checking '/home/martin/FIBOX/Martin_FRAB12_CONTROL/ros2_ws/install/marble_robot_control/lib/pkgconfig/marble_robot_control.pc'
[13.585s] Level 1:colcon.colcon_core.environment:checking '/home/martin/FIBOX/Martin_FRAB12_CONTROL/ros2_ws/install/marble_robot_control/lib/python3.10/site-packages'
[13.585s] Level 1:colcon.colcon_core.environment:checking '/home/martin/FIBOX/Martin_FRAB12_CONTROL/ros2_ws/install/marble_robot_control/bin'
[13.586s] INFO:colcon.colcon_core.shell:Creating package script '/home/martin/FIBOX/Martin_FRAB12_CONTROL/ros2_ws/install/marble_robot_control/share/marble_robot_control/package.ps1'
[13.588s] INFO:colcon.colcon_core.shell:Creating package descriptor '/home/martin/FIBOX/Martin_FRAB12_CONTROL/ros2_ws/install/marble_robot_control/share/marble_robot_control/package.dsv'
[13.589s] INFO:colcon.colcon_core.shell:Creating package script '/home/martin/FIBOX/Martin_FRAB12_CONTROL/ros2_ws/install/marble_robot_control/share/marble_robot_control/package.sh'
[13.590s] INFO:colcon.colcon_core.shell:Creating package script '/home/martin/FIBOX/Martin_FRAB12_CONTROL/ros2_ws/install/marble_robot_control/share/marble_robot_control/package.bash'
[13.592s] INFO:colcon.colcon_core.shell:Creating package script '/home/martin/FIBOX/Martin_FRAB12_CONTROL/ros2_ws/install/marble_robot_control/share/marble_robot_control/package.zsh'
[13.594s] Level 1:colcon.colcon_core.environment:create_file_with_runtime_dependencies(/home/martin/FIBOX/Martin_FRAB12_CONTROL/ros2_ws/install/marble_robot_control/share/colcon-core/packages/marble_robot_control)
[13.595s] Level 1:colcon.colcon_core.environment:create_environment_scripts_only(marble_robot_control)
[13.596s] Level 1:colcon.colcon_core.environment:checking '/home/martin/FIBOX/Martin_FRAB12_CONTROL/ros2_ws/install/marble_robot_control' for CMake module files
[13.596s] Level 1:colcon.colcon_core.environment:checking '/home/martin/FIBOX/Martin_FRAB12_CONTROL/ros2_ws/install/marble_robot_control' for CMake config files
[13.597s] Level 1:colcon.colcon_core.shell:create_environment_hook('marble_robot_control', 'cmake_prefix_path')
[13.597s] INFO:colcon.colcon_core.shell:Creating environment hook '/home/martin/FIBOX/Martin_FRAB12_CONTROL/ros2_ws/install/marble_robot_control/share/marble_robot_control/hook/cmake_prefix_path.ps1'
[13.598s] INFO:colcon.colcon_core.shell:Creating environment descriptor '/home/martin/FIBOX/Martin_FRAB12_CONTROL/ros2_ws/install/marble_robot_control/share/marble_robot_control/hook/cmake_prefix_path.dsv'
[13.598s] INFO:colcon.colcon_core.shell:Creating environment hook '/home/martin/FIBOX/Martin_FRAB12_CONTROL/ros2_ws/install/marble_robot_control/share/marble_robot_control/hook/cmake_prefix_path.sh'
[13.599s] Level 1:colcon.colcon_core.environment:checking '/home/martin/FIBOX/Martin_FRAB12_CONTROL/ros2_ws/install/marble_robot_control/bin'
[13.599s] Level 1:colcon.colcon_core.environment:checking '/home/martin/FIBOX/Martin_FRAB12_CONTROL/ros2_ws/install/marble_robot_control/lib/pkgconfig/marble_robot_control.pc'
[13.600s] Level 1:colcon.colcon_core.environment:checking '/home/martin/FIBOX/Martin_FRAB12_CONTROL/ros2_ws/install/marble_robot_control/lib/python3.10/site-packages'
[13.600s] Level 1:colcon.colcon_core.environment:checking '/home/martin/FIBOX/Martin_FRAB12_CONTROL/ros2_ws/install/marble_robot_control/bin'
[13.600s] INFO:colcon.colcon_core.shell:Creating package script '/home/martin/FIBOX/Martin_FRAB12_CONTROL/ros2_ws/install/marble_robot_control/share/marble_robot_control/package.ps1'
[13.601s] INFO:colcon.colcon_core.shell:Creating package descriptor '/home/martin/FIBOX/Martin_FRAB12_CONTROL/ros2_ws/install/marble_robot_control/share/marble_robot_control/package.dsv'
[13.602s] INFO:colcon.colcon_core.shell:Creating package script '/home/martin/FIBOX/Martin_FRAB12_CONTROL/ros2_ws/install/marble_robot_control/share/marble_robot_control/package.sh'
[13.603s] INFO:colcon.colcon_core.shell:Creating package script '/home/martin/FIBOX/Martin_FRAB12_CONTROL/ros2_ws/install/marble_robot_control/share/marble_robot_control/package.bash'
[13.604s] INFO:colcon.colcon_core.shell:Creating package script '/home/martin/FIBOX/Martin_FRAB12_CONTROL/ros2_ws/install/marble_robot_control/share/marble_robot_control/package.zsh'
[13.605s] Level 1:colcon.colcon_core.environment:create_file_with_runtime_dependencies(/home/martin/FIBOX/Martin_FRAB12_CONTROL/ros2_ws/install/marble_robot_control/share/colcon-core/packages/marble_robot_control)
[13.606s] DEBUG:colcon.colcon_parallel_executor.executor.parallel:closing loop
[13.607s] DEBUG:colcon.colcon_parallel_executor.executor.parallel:loop closed
[13.607s] DEBUG:colcon.colcon_parallel_executor.executor.parallel:run_until_complete finished with '0'
[13.607s] DEBUG:colcon.colcon_core.event_reactor:joining thread
[13.666s] INFO:colcon.colcon_core.plugin_system:Skipping extension 'colcon_notification.desktop_notification.notify_send': Could not find 'notify-send'
[13.666s] INFO:colcon.colcon_core.plugin_system:Skipping extension 'colcon_notification.desktop_notification.terminal_notifier': Not used on non-Darwin systems
[13.666s] INFO:colcon.colcon_core.plugin_system:Skipping extension 'colcon_notification.desktop_notification.win32': Not used on non-Windows systems
[13.666s] INFO:colcon.colcon_notification.desktop_notification:Sending desktop notification using 'notify2'
[13.673s] DEBUG:colcon.colcon_notification.desktop_notification.notify2:Failed to initialize notify2: org.freedesktop.DBus.Error.ServiceUnknown: The name org.freedesktop.Notifications was not provided by any .service files
[13.673s] DEBUG:colcon.colcon_core.event_reactor:joined thread
[13.674s] INFO:colcon.colcon_core.shell:Creating prefix script '/home/martin/FIBOX/Martin_FRAB12_CONTROL/ros2_ws/install/local_setup.ps1'
[13.676s] INFO:colcon.colcon_core.shell:Creating prefix util module '/home/martin/FIBOX/Martin_FRAB12_CONTROL/ros2_ws/install/_local_setup_util_ps1.py'
[13.678s] INFO:colcon.colcon_core.shell:Creating prefix chain script '/home/martin/FIBOX/Martin_FRAB12_CONTROL/ros2_ws/install/setup.ps1'
[13.680s] INFO:colcon.colcon_core.shell:Creating prefix script '/home/martin/FIBOX/Martin_FRAB12_CONTROL/ros2_ws/install/local_setup.sh'
[13.682s] INFO:colcon.colcon_core.shell:Creating prefix util module '/home/martin/FIBOX/Martin_FRAB12_CONTROL/ros2_ws/install/_local_setup_util_sh.py'
[13.683s] INFO:colcon.colcon_core.shell:Creating prefix chain script '/home/martin/FIBOX/Martin_FRAB12_CONTROL/ros2_ws/install/setup.sh'
[13.685s] INFO:colcon.colcon_core.shell:Creating prefix script '/home/martin/FIBOX/Martin_FRAB12_CONTROL/ros2_ws/install/local_setup.bash'
[13.686s] INFO:colcon.colcon_core.shell:Creating prefix chain script '/home/martin/FIBOX/Martin_FRAB12_CONTROL/ros2_ws/install/setup.bash'
[13.688s] INFO:colcon.colcon_core.shell:Creating prefix script '/home/martin/FIBOX/Martin_FRAB12_CONTROL/ros2_ws/install/local_setup.zsh'
[13.690s] INFO:colcon.colcon_core.shell:Creating prefix chain script '/home/martin/FIBOX/Martin_FRAB12_CONTROL/ros2_ws/install/setup.zsh'
